<?xml version="1.0" encoding="UTF-8"?>
<testsuite name="Tests" tests="1" skipped="0" failures="1" errors="0" timestamp="2021-09-30T11:37:21" hostname="DESKTOP-6TB0FU0" time="0.38">
  <properties/>
  <testcase name="start" classname="Tests" time="0.38">
    <failure message="java.lang.AssertionError: Wrong answer in test #1&#10;&#10;After a ship was sunk you should print &quot;You sank a ship!&quot; and ask to press Enter.&#10;&#10;Please find below the output of your program during this failed test.&#10;Note that the '&gt;' character indicates the beginning of the input line.&#10;&#10;---&#10;&#10;[last 250 lines of output are shown, 283 skipped]&#10;G ~ ~ ~ ~ ~ ~ ~ ~ ~ ~&#10;H ~ ~ ~ ~ ~ ~ ~ ~ ~ ~&#10;I ~ ~ ~ ~ ~ ~ ~ ~ ~ ~&#10;J ~ ~ ~ ~ ~ ~ ~ ~ ~ ~&#10;---------------------&#10;  1 2 3 4 5 6 7 8 9 10&#10;A ~ ~ ~ ~ ~ ~ ~ ~ ~ ~&#10;B ~ ~ ~ ~ ~ ~ ~ ~ ~ ~&#10;C ~ ~ ~ ~ ~ ~ ~ O ~ ~&#10;D ~ ~ ~ X O O ~ O ~ ~&#10;E ~ ~ ~ ~ ~ ~ ~ ~ ~ ~&#10;F ~ ~ O O O O ~ O ~ ~&#10;G ~ ~ ~ ~ ~ ~ ~ O ~ ~&#10;H ~ O O O O O ~ O ~ ~&#10;I ~ ~ M ~ ~ ~ ~ ~ ~ ~&#10;J ~ ~ ~ ~ ~ ~ ~ ~ ~ ~&#10;&#10;Player 2, it's your turn:&#10;&gt; A1&#10;  1 2 3 4 5 6 7 8 9 10&#10;A ~ ~ ~ ~ ~ ~ ~ ~ ~ ~&#10;B ~ ~ ~ ~ ~ ~ ~ ~ ~ ~&#10;C ~ ~ ~ ~ ~ ~ ~ ~ X ~&#10;D ~ ~ ~ ~ ~ ~ ~ ~ ~ ~&#10;E ~ ~ ~ ~ ~ ~ ~ ~ ~ ~&#10;F ~ ~ ~ ~ ~ ~ ~ ~ ~ ~&#10;G ~ ~ ~ ~ ~ ~ ~ ~ ~ ~&#10;H ~ ~ ~ ~ ~ ~ ~ ~ ~ ~&#10;I ~ ~ ~ ~ ~ ~ ~ ~ ~ ~&#10;J ~ ~ ~ ~ ~ ~ ~ ~ ~ ~&#10;---------------------&#10;&#10;You hit a ship!&#10;Press Enter and pass the move to another player&#10;&gt; &#10;  1 2 3 4 5 6 7 8 9 10&#10;A ~ ~ ~ ~ ~ ~ ~ ~ ~ ~&#10;B ~ ~ ~ ~ ~ ~ ~ ~ ~ ~&#10;C ~ ~ ~ ~ ~ ~ ~ ~ ~ ~&#10;D ~ ~ ~ X ~ ~ ~ ~ ~ ~&#10;E ~ ~ ~ ~ ~ ~ ~ ~ ~ ~&#10;F ~ ~ ~ ~ ~ ~ ~ ~ ~ ~&#10;G ~ ~ ~ ~ ~ ~ ~ ~ ~ ~&#10;H ~ ~ ~ ~ ~ ~ ~ ~ ~ ~&#10;I ~ ~ M ~ ~ ~ ~ ~ ~ ~&#10;J ~ ~ ~ ~ ~ ~ ~ ~ ~ ~&#10;---------------------&#10;  1 2 3 4 5 6 7 8 9 10&#10;A X ~ ~ ~ ~ ~ ~ ~ ~ ~&#10;B O ~ ~ ~ ~ ~ ~ ~ O ~&#10;C O ~ ~ ~ ~ ~ ~ ~ X ~&#10;D O ~ ~ ~ ~ ~ ~ ~ O ~&#10;E ~ ~ ~ ~ ~ ~ ~ ~ ~ ~&#10;F ~ ~ O O O O O ~ ~ ~&#10;G ~ ~ ~ ~ ~ ~ ~ ~ ~ ~&#10;H ~ ~ ~ ~ ~ ~ ~ ~ ~ ~&#10;I ~ O ~ ~ ~ ~ ~ ~ ~ ~&#10;J ~ O ~ ~ ~ ~ ~ O O O&#10;&#10;Player 1, it's your turn:&#10;&gt; D5&#10;&#10;You hit a ship!&#10;Press Enter and pass the move to another player&#10;&gt; &#10;  1 2 3 4 5 6 7 8 9 10&#10;A X ~ ~ ~ ~ ~ ~ ~ ~ ~&#10;B ~ ~ ~ ~ ~ ~ ~ ~ ~ ~&#10;C ~ ~ ~ ~ ~ ~ ~ ~ X ~&#10;D ~ ~ ~ ~ ~ ~ ~ ~ ~ ~&#10;E ~ ~ ~ ~ ~ ~ ~ ~ ~ ~&#10;F ~ ~ ~ ~ ~ ~ ~ ~ ~ ~&#10;G ~ ~ ~ ~ ~ ~ ~ ~ ~ ~&#10;H ~ ~ ~ ~ ~ ~ ~ ~ ~ ~&#10;I ~ ~ ~ ~ ~ ~ ~ ~ ~ ~&#10;J ~ ~ ~ ~ ~ ~ ~ ~ ~ ~&#10;---------------------&#10;  1 2 3 4 5 6 7 8 9 10&#10;A ~ ~ ~ ~ ~ ~ ~ ~ ~ ~&#10;B ~ ~ ~ ~ ~ ~ ~ ~ ~ ~&#10;C ~ ~ ~ ~ ~ ~ ~ O ~ ~&#10;D ~ ~ ~ X X O ~ O ~ ~&#10;E ~ ~ ~ ~ ~ ~ ~ ~ ~ ~&#10;F ~ ~ O O O O ~ O ~ ~&#10;G ~ ~ ~ ~ ~ ~ ~ O ~ ~&#10;H ~ O O O O O ~ O ~ ~&#10;I ~ ~ M ~ ~ ~ ~ ~ ~ ~&#10;J ~ ~ ~ ~ ~ ~ ~ ~ ~ ~&#10;&#10;Player 2, it's your turn:&#10;&gt; B1&#10;  1 2 3 4 5 6 7 8 9 10&#10;A X ~ ~ ~ ~ ~ ~ ~ ~ ~&#10;B ~ ~ ~ ~ ~ ~ ~ ~ ~ ~&#10;C ~ ~ ~ ~ ~ ~ ~ ~ X ~&#10;D ~ ~ ~ ~ ~ ~ ~ ~ ~ ~&#10;E ~ ~ ~ ~ ~ ~ ~ ~ ~ ~&#10;F ~ ~ ~ ~ ~ ~ ~ ~ ~ ~&#10;G ~ ~ ~ ~ ~ ~ ~ ~ ~ ~&#10;H ~ ~ ~ ~ ~ ~ ~ ~ ~ ~&#10;I ~ ~ ~ ~ ~ ~ ~ ~ ~ ~&#10;J ~ ~ ~ ~ ~ ~ ~ ~ ~ ~&#10;---------------------&#10;&#10;You hit a ship!&#10;Press Enter and pass the move to another player&#10;&gt; &#10;  1 2 3 4 5 6 7 8 9 10&#10;A ~ ~ ~ ~ ~ ~ ~ ~ ~ ~&#10;B ~ ~ ~ ~ ~ ~ ~ ~ ~ ~&#10;C ~ ~ ~ ~ ~ ~ ~ ~ ~ ~&#10;D ~ ~ ~ X X ~ ~ ~ ~ ~&#10;E ~ ~ ~ ~ ~ ~ ~ ~ ~ ~&#10;F ~ ~ ~ ~ ~ ~ ~ ~ ~ ~&#10;G ~ ~ ~ ~ ~ ~ ~ ~ ~ ~&#10;H ~ ~ ~ ~ ~ ~ ~ ~ ~ ~&#10;I ~ ~ M ~ ~ ~ ~ ~ ~ ~&#10;J ~ ~ ~ ~ ~ ~ ~ ~ ~ ~&#10;---------------------&#10;  1 2 3 4 5 6 7 8 9 10&#10;A X ~ ~ ~ ~ ~ ~ ~ ~ ~&#10;B X ~ ~ ~ ~ ~ ~ ~ O ~&#10;C O ~ ~ ~ ~ ~ ~ ~ X ~&#10;D O ~ ~ ~ ~ ~ ~ ~ O ~&#10;E ~ ~ ~ ~ ~ ~ ~ ~ ~ ~&#10;F ~ ~ O O O O O ~ ~ ~&#10;G ~ ~ ~ ~ ~ ~ ~ ~ ~ ~&#10;H ~ ~ ~ ~ ~ ~ ~ ~ ~ ~&#10;I ~ O ~ ~ ~ ~ ~ ~ ~ ~&#10;J ~ O ~ ~ ~ ~ ~ O O O&#10;&#10;Player 1, it's your turn:&#10;&gt; D6&#10;&#10;You hit a ship!&#10;Press Enter and pass the move to another player&#10;&gt; &#10;  1 2 3 4 5 6 7 8 9 10&#10;A X ~ ~ ~ ~ ~ ~ ~ ~ ~&#10;B X ~ ~ ~ ~ ~ ~ ~ ~ ~&#10;C ~ ~ ~ ~ ~ ~ ~ ~ X ~&#10;D ~ ~ ~ ~ ~ ~ ~ ~ ~ ~&#10;E ~ ~ ~ ~ ~ ~ ~ ~ ~ ~&#10;F ~ ~ ~ ~ ~ ~ ~ ~ ~ ~&#10;G ~ ~ ~ ~ ~ ~ ~ ~ ~ ~&#10;H ~ ~ ~ ~ ~ ~ ~ ~ ~ ~&#10;I ~ ~ ~ ~ ~ ~ ~ ~ ~ ~&#10;J ~ ~ ~ ~ ~ ~ ~ ~ ~ ~&#10;---------------------&#10;  1 2 3 4 5 6 7 8 9 10&#10;A ~ ~ ~ ~ ~ ~ ~ ~ ~ ~&#10;B ~ ~ ~ ~ ~ ~ ~ ~ ~ ~&#10;C ~ ~ ~ ~ ~ ~ ~ O ~ ~&#10;D ~ ~ ~ X X X ~ O ~ ~&#10;E ~ ~ ~ ~ ~ ~ ~ ~ ~ ~&#10;F ~ ~ O O O O ~ O ~ ~&#10;G ~ ~ ~ ~ ~ ~ ~ O ~ ~&#10;H ~ O O O O O ~ O ~ ~&#10;I ~ ~ M ~ ~ ~ ~ ~ ~ ~&#10;J ~ ~ ~ ~ ~ ~ ~ ~ ~ ~&#10;&#10;Player 2, it's your turn:&#10;&gt; C1&#10;  1 2 3 4 5 6 7 8 9 10&#10;A X ~ ~ ~ ~ ~ ~ ~ ~ ~&#10;B X ~ ~ ~ ~ ~ ~ ~ ~ ~&#10;C ~ ~ ~ ~ ~ ~ ~ ~ X ~&#10;D ~ ~ ~ ~ ~ ~ ~ ~ ~ ~&#10;E ~ ~ ~ ~ ~ ~ ~ ~ ~ ~&#10;F ~ ~ ~ ~ ~ ~ ~ ~ ~ ~&#10;G ~ ~ ~ ~ ~ ~ ~ ~ ~ ~&#10;H ~ ~ ~ ~ ~ ~ ~ ~ ~ ~&#10;I ~ ~ ~ ~ ~ ~ ~ ~ ~ ~&#10;J ~ ~ ~ ~ ~ ~ ~ ~ ~ ~&#10;---------------------&#10;&#10;You hit a ship!&#10;Press Enter and pass the move to another player&#10;&gt; &#10;  1 2 3 4 5 6 7 8 9 10&#10;A ~ ~ ~ ~ ~ ~ ~ ~ ~ ~&#10;B ~ ~ ~ ~ ~ ~ ~ ~ ~ ~&#10;C ~ ~ ~ ~ ~ ~ ~ ~ ~ ~&#10;D ~ ~ ~ X X X ~ ~ ~ ~&#10;E ~ ~ ~ ~ ~ ~ ~ ~ ~ ~&#10;F ~ ~ ~ ~ ~ ~ ~ ~ ~ ~&#10;G ~ ~ ~ ~ ~ ~ ~ ~ ~ ~&#10;H ~ ~ ~ ~ ~ ~ ~ ~ ~ ~&#10;I ~ ~ M ~ ~ ~ ~ ~ ~ ~&#10;J ~ ~ ~ ~ ~ ~ ~ ~ ~ ~&#10;---------------------&#10;  1 2 3 4 5 6 7 8 9 10&#10;A X ~ ~ ~ ~ ~ ~ ~ ~ ~&#10;B X ~ ~ ~ ~ ~ ~ ~ O ~&#10;C X ~ ~ ~ ~ ~ ~ ~ X ~&#10;D O ~ ~ ~ ~ ~ ~ ~ O ~&#10;E ~ ~ ~ ~ ~ ~ ~ ~ ~ ~&#10;F ~ ~ O O O O O ~ ~ ~&#10;G ~ ~ ~ ~ ~ ~ ~ ~ ~ ~&#10;H ~ ~ ~ ~ ~ ~ ~ ~ ~ ~&#10;I ~ O ~ ~ ~ ~ ~ ~ ~ ~&#10;J ~ O ~ ~ ~ ~ ~ O O O&#10;&#10;Player 1, it's your turn:&#10;&gt; C8&#10;&#10;You hit a ship!&#10;Press Enter and pass the move to another player&#10;&gt; &#10;  1 2 3 4 5 6 7 8 9 10&#10;A X ~ ~ ~ ~ ~ ~ ~ ~ ~&#10;B X ~ ~ ~ ~ ~ ~ ~ ~ ~&#10;C X ~ ~ ~ ~ ~ ~ ~ X ~&#10;D ~ ~ ~ ~ ~ ~ ~ ~ ~ ~&#10;E ~ ~ ~ ~ ~ ~ ~ ~ ~ ~&#10;F ~ ~ ~ ~ ~ ~ ~ ~ ~ ~&#10;G ~ ~ ~ ~ ~ ~ ~ ~ ~ ~&#10;H ~ ~ ~ ~ ~ ~ ~ ~ ~ ~&#10;I ~ ~ ~ ~ ~ ~ ~ ~ ~ ~&#10;J ~ ~ ~ ~ ~ ~ ~ ~ ~ ~&#10;---------------------&#10;  1 2 3 4 5 6 7 8 9 10&#10;A ~ ~ ~ ~ ~ ~ ~ ~ ~ ~&#10;B ~ ~ ~ ~ ~ ~ ~ ~ ~ ~&#10;C ~ ~ ~ ~ ~ ~ ~ X ~ ~&#10;D ~ ~ ~ X X X ~ O ~ ~&#10;E ~ ~ ~ ~ ~ ~ ~ ~ ~ ~&#10;F ~ ~ O O O O ~ O ~ ~&#10;G ~ ~ ~ ~ ~ ~ ~ O ~ ~&#10;H ~ O O O O O ~ O ~ ~&#10;I ~ ~ M ~ ~ ~ ~ ~ ~ ~&#10;J ~ ~ ~ ~ ~ ~ ~ ~ ~ ~&#10;&#10;Player 2, it's your turn:&#10;&gt; D1&#10;  1 2 3 4 5 6 7 8 9 10&#10;A X ~ ~ ~ ~ ~ ~ ~ ~ ~&#10;B X ~ ~ ~ ~ ~ ~ ~ ~ ~&#10;C X ~ ~ ~ ~ ~ ~ ~ X ~&#10;D ~ ~ ~ ~ ~ ~ ~ ~ ~ ~&#10;E ~ ~ ~ ~ ~ ~ ~ ~ ~ ~&#10;F ~ ~ ~ ~ ~ ~ ~ ~ ~ ~&#10;G ~ ~ ~ ~ ~ ~ ~ ~ ~ ~&#10;H ~ ~ ~ ~ ~ ~ ~ ~ ~ ~&#10;I ~ ~ ~ ~ ~ ~ ~ ~ ~ ~&#10;J ~ ~ ~ ~ ~ ~ ~ ~ ~ ~&#10;---------------------&#10;&#10;You hit a ship!&#10;Press Enter and pass the move to another player" type="java.lang.AssertionError">java.lang.AssertionError: Wrong answer in test #1

After a ship was sunk you should print &quot;You sank a ship!&quot; and ask to press Enter.

Please find below the output of your program during this failed test.
Note that the '&gt;' character indicates the beginning of the input line.

---

[last 250 lines of output are shown, 283 skipped]
G ~ ~ ~ ~ ~ ~ ~ ~ ~ ~
H ~ ~ ~ ~ ~ ~ ~ ~ ~ ~
I ~ ~ ~ ~ ~ ~ ~ ~ ~ ~
J ~ ~ ~ ~ ~ ~ ~ ~ ~ ~
---------------------
  1 2 3 4 5 6 7 8 9 10
A ~ ~ ~ ~ ~ ~ ~ ~ ~ ~
B ~ ~ ~ ~ ~ ~ ~ ~ ~ ~
C ~ ~ ~ ~ ~ ~ ~ O ~ ~
D ~ ~ ~ X O O ~ O ~ ~
E ~ ~ ~ ~ ~ ~ ~ ~ ~ ~
F ~ ~ O O O O ~ O ~ ~
G ~ ~ ~ ~ ~ ~ ~ O ~ ~
H ~ O O O O O ~ O ~ ~
I ~ ~ M ~ ~ ~ ~ ~ ~ ~
J ~ ~ ~ ~ ~ ~ ~ ~ ~ ~

Player 2, it's your turn:
&gt; A1
  1 2 3 4 5 6 7 8 9 10
A ~ ~ ~ ~ ~ ~ ~ ~ ~ ~
B ~ ~ ~ ~ ~ ~ ~ ~ ~ ~
C ~ ~ ~ ~ ~ ~ ~ ~ X ~
D ~ ~ ~ ~ ~ ~ ~ ~ ~ ~
E ~ ~ ~ ~ ~ ~ ~ ~ ~ ~
F ~ ~ ~ ~ ~ ~ ~ ~ ~ ~
G ~ ~ ~ ~ ~ ~ ~ ~ ~ ~
H ~ ~ ~ ~ ~ ~ ~ ~ ~ ~
I ~ ~ ~ ~ ~ ~ ~ ~ ~ ~
J ~ ~ ~ ~ ~ ~ ~ ~ ~ ~
---------------------

You hit a ship!
Press Enter and pass the move to another player
&gt; 
  1 2 3 4 5 6 7 8 9 10
A ~ ~ ~ ~ ~ ~ ~ ~ ~ ~
B ~ ~ ~ ~ ~ ~ ~ ~ ~ ~
C ~ ~ ~ ~ ~ ~ ~ ~ ~ ~
D ~ ~ ~ X ~ ~ ~ ~ ~ ~
E ~ ~ ~ ~ ~ ~ ~ ~ ~ ~
F ~ ~ ~ ~ ~ ~ ~ ~ ~ ~
G ~ ~ ~ ~ ~ ~ ~ ~ ~ ~
H ~ ~ ~ ~ ~ ~ ~ ~ ~ ~
I ~ ~ M ~ ~ ~ ~ ~ ~ ~
J ~ ~ ~ ~ ~ ~ ~ ~ ~ ~
---------------------
  1 2 3 4 5 6 7 8 9 10
A X ~ ~ ~ ~ ~ ~ ~ ~ ~
B O ~ ~ ~ ~ ~ ~ ~ O ~
C O ~ ~ ~ ~ ~ ~ ~ X ~
D O ~ ~ ~ ~ ~ ~ ~ O ~
E ~ ~ ~ ~ ~ ~ ~ ~ ~ ~
F ~ ~ O O O O O ~ ~ ~
G ~ ~ ~ ~ ~ ~ ~ ~ ~ ~
H ~ ~ ~ ~ ~ ~ ~ ~ ~ ~
I ~ O ~ ~ ~ ~ ~ ~ ~ ~
J ~ O ~ ~ ~ ~ ~ O O O

Player 1, it's your turn:
&gt; D5

You hit a ship!
Press Enter and pass the move to another player
&gt; 
  1 2 3 4 5 6 7 8 9 10
A X ~ ~ ~ ~ ~ ~ ~ ~ ~
B ~ ~ ~ ~ ~ ~ ~ ~ ~ ~
C ~ ~ ~ ~ ~ ~ ~ ~ X ~
D ~ ~ ~ ~ ~ ~ ~ ~ ~ ~
E ~ ~ ~ ~ ~ ~ ~ ~ ~ ~
F ~ ~ ~ ~ ~ ~ ~ ~ ~ ~
G ~ ~ ~ ~ ~ ~ ~ ~ ~ ~
H ~ ~ ~ ~ ~ ~ ~ ~ ~ ~
I ~ ~ ~ ~ ~ ~ ~ ~ ~ ~
J ~ ~ ~ ~ ~ ~ ~ ~ ~ ~
---------------------
  1 2 3 4 5 6 7 8 9 10
A ~ ~ ~ ~ ~ ~ ~ ~ ~ ~
B ~ ~ ~ ~ ~ ~ ~ ~ ~ ~
C ~ ~ ~ ~ ~ ~ ~ O ~ ~
D ~ ~ ~ X X O ~ O ~ ~
E ~ ~ ~ ~ ~ ~ ~ ~ ~ ~
F ~ ~ O O O O ~ O ~ ~
G ~ ~ ~ ~ ~ ~ ~ O ~ ~
H ~ O O O O O ~ O ~ ~
I ~ ~ M ~ ~ ~ ~ ~ ~ ~
J ~ ~ ~ ~ ~ ~ ~ ~ ~ ~

Player 2, it's your turn:
&gt; B1
  1 2 3 4 5 6 7 8 9 10
A X ~ ~ ~ ~ ~ ~ ~ ~ ~
B ~ ~ ~ ~ ~ ~ ~ ~ ~ ~
C ~ ~ ~ ~ ~ ~ ~ ~ X ~
D ~ ~ ~ ~ ~ ~ ~ ~ ~ ~
E ~ ~ ~ ~ ~ ~ ~ ~ ~ ~
F ~ ~ ~ ~ ~ ~ ~ ~ ~ ~
G ~ ~ ~ ~ ~ ~ ~ ~ ~ ~
H ~ ~ ~ ~ ~ ~ ~ ~ ~ ~
I ~ ~ ~ ~ ~ ~ ~ ~ ~ ~
J ~ ~ ~ ~ ~ ~ ~ ~ ~ ~
---------------------

You hit a ship!
Press Enter and pass the move to another player
&gt; 
  1 2 3 4 5 6 7 8 9 10
A ~ ~ ~ ~ ~ ~ ~ ~ ~ ~
B ~ ~ ~ ~ ~ ~ ~ ~ ~ ~
C ~ ~ ~ ~ ~ ~ ~ ~ ~ ~
D ~ ~ ~ X X ~ ~ ~ ~ ~
E ~ ~ ~ ~ ~ ~ ~ ~ ~ ~
F ~ ~ ~ ~ ~ ~ ~ ~ ~ ~
G ~ ~ ~ ~ ~ ~ ~ ~ ~ ~
H ~ ~ ~ ~ ~ ~ ~ ~ ~ ~
I ~ ~ M ~ ~ ~ ~ ~ ~ ~
J ~ ~ ~ ~ ~ ~ ~ ~ ~ ~
---------------------
  1 2 3 4 5 6 7 8 9 10
A X ~ ~ ~ ~ ~ ~ ~ ~ ~
B X ~ ~ ~ ~ ~ ~ ~ O ~
C O ~ ~ ~ ~ ~ ~ ~ X ~
D O ~ ~ ~ ~ ~ ~ ~ O ~
E ~ ~ ~ ~ ~ ~ ~ ~ ~ ~
F ~ ~ O O O O O ~ ~ ~
G ~ ~ ~ ~ ~ ~ ~ ~ ~ ~
H ~ ~ ~ ~ ~ ~ ~ ~ ~ ~
I ~ O ~ ~ ~ ~ ~ ~ ~ ~
J ~ O ~ ~ ~ ~ ~ O O O

Player 1, it's your turn:
&gt; D6

You hit a ship!
Press Enter and pass the move to another player
&gt; 
  1 2 3 4 5 6 7 8 9 10
A X ~ ~ ~ ~ ~ ~ ~ ~ ~
B X ~ ~ ~ ~ ~ ~ ~ ~ ~
C ~ ~ ~ ~ ~ ~ ~ ~ X ~
D ~ ~ ~ ~ ~ ~ ~ ~ ~ ~
E ~ ~ ~ ~ ~ ~ ~ ~ ~ ~
F ~ ~ ~ ~ ~ ~ ~ ~ ~ ~
G ~ ~ ~ ~ ~ ~ ~ ~ ~ ~
H ~ ~ ~ ~ ~ ~ ~ ~ ~ ~
I ~ ~ ~ ~ ~ ~ ~ ~ ~ ~
J ~ ~ ~ ~ ~ ~ ~ ~ ~ ~
---------------------
  1 2 3 4 5 6 7 8 9 10
A ~ ~ ~ ~ ~ ~ ~ ~ ~ ~
B ~ ~ ~ ~ ~ ~ ~ ~ ~ ~
C ~ ~ ~ ~ ~ ~ ~ O ~ ~
D ~ ~ ~ X X X ~ O ~ ~
E ~ ~ ~ ~ ~ ~ ~ ~ ~ ~
F ~ ~ O O O O ~ O ~ ~
G ~ ~ ~ ~ ~ ~ ~ O ~ ~
H ~ O O O O O ~ O ~ ~
I ~ ~ M ~ ~ ~ ~ ~ ~ ~
J ~ ~ ~ ~ ~ ~ ~ ~ ~ ~

Player 2, it's your turn:
&gt; C1
  1 2 3 4 5 6 7 8 9 10
A X ~ ~ ~ ~ ~ ~ ~ ~ ~
B X ~ ~ ~ ~ ~ ~ ~ ~ ~
C ~ ~ ~ ~ ~ ~ ~ ~ X ~
D ~ ~ ~ ~ ~ ~ ~ ~ ~ ~
E ~ ~ ~ ~ ~ ~ ~ ~ ~ ~
F ~ ~ ~ ~ ~ ~ ~ ~ ~ ~
G ~ ~ ~ ~ ~ ~ ~ ~ ~ ~
H ~ ~ ~ ~ ~ ~ ~ ~ ~ ~
I ~ ~ ~ ~ ~ ~ ~ ~ ~ ~
J ~ ~ ~ ~ ~ ~ ~ ~ ~ ~
---------------------

You hit a ship!
Press Enter and pass the move to another player
&gt; 
  1 2 3 4 5 6 7 8 9 10
A ~ ~ ~ ~ ~ ~ ~ ~ ~ ~
B ~ ~ ~ ~ ~ ~ ~ ~ ~ ~
C ~ ~ ~ ~ ~ ~ ~ ~ ~ ~
D ~ ~ ~ X X X ~ ~ ~ ~
E ~ ~ ~ ~ ~ ~ ~ ~ ~ ~
F ~ ~ ~ ~ ~ ~ ~ ~ ~ ~
G ~ ~ ~ ~ ~ ~ ~ ~ ~ ~
H ~ ~ ~ ~ ~ ~ ~ ~ ~ ~
I ~ ~ M ~ ~ ~ ~ ~ ~ ~
J ~ ~ ~ ~ ~ ~ ~ ~ ~ ~
---------------------
  1 2 3 4 5 6 7 8 9 10
A X ~ ~ ~ ~ ~ ~ ~ ~ ~
B X ~ ~ ~ ~ ~ ~ ~ O ~
C X ~ ~ ~ ~ ~ ~ ~ X ~
D O ~ ~ ~ ~ ~ ~ ~ O ~
E ~ ~ ~ ~ ~ ~ ~ ~ ~ ~
F ~ ~ O O O O O ~ ~ ~
G ~ ~ ~ ~ ~ ~ ~ ~ ~ ~
H ~ ~ ~ ~ ~ ~ ~ ~ ~ ~
I ~ O ~ ~ ~ ~ ~ ~ ~ ~
J ~ O ~ ~ ~ ~ ~ O O O

Player 1, it's your turn:
&gt; C8

You hit a ship!
Press Enter and pass the move to another player
&gt; 
  1 2 3 4 5 6 7 8 9 10
A X ~ ~ ~ ~ ~ ~ ~ ~ ~
B X ~ ~ ~ ~ ~ ~ ~ ~ ~
C X ~ ~ ~ ~ ~ ~ ~ X ~
D ~ ~ ~ ~ ~ ~ ~ ~ ~ ~
E ~ ~ ~ ~ ~ ~ ~ ~ ~ ~
F ~ ~ ~ ~ ~ ~ ~ ~ ~ ~
G ~ ~ ~ ~ ~ ~ ~ ~ ~ ~
H ~ ~ ~ ~ ~ ~ ~ ~ ~ ~
I ~ ~ ~ ~ ~ ~ ~ ~ ~ ~
J ~ ~ ~ ~ ~ ~ ~ ~ ~ ~
---------------------
  1 2 3 4 5 6 7 8 9 10
A ~ ~ ~ ~ ~ ~ ~ ~ ~ ~
B ~ ~ ~ ~ ~ ~ ~ ~ ~ ~
C ~ ~ ~ ~ ~ ~ ~ X ~ ~
D ~ ~ ~ X X X ~ O ~ ~
E ~ ~ ~ ~ ~ ~ ~ ~ ~ ~
F ~ ~ O O O O ~ O ~ ~
G ~ ~ ~ ~ ~ ~ ~ O ~ ~
H ~ O O O O O ~ O ~ ~
I ~ ~ M ~ ~ ~ ~ ~ ~ ~
J ~ ~ ~ ~ ~ ~ ~ ~ ~ ~

Player 2, it's your turn:
&gt; D1
  1 2 3 4 5 6 7 8 9 10
A X ~ ~ ~ ~ ~ ~ ~ ~ ~
B X ~ ~ ~ ~ ~ ~ ~ ~ ~
C X ~ ~ ~ ~ ~ ~ ~ X ~
D ~ ~ ~ ~ ~ ~ ~ ~ ~ ~
E ~ ~ ~ ~ ~ ~ ~ ~ ~ ~
F ~ ~ ~ ~ ~ ~ ~ ~ ~ ~
G ~ ~ ~ ~ ~ ~ ~ ~ ~ ~
H ~ ~ ~ ~ ~ ~ ~ ~ ~ ~
I ~ ~ ~ ~ ~ ~ ~ ~ ~ ~
J ~ ~ ~ ~ ~ ~ ~ ~ ~ ~
---------------------

You hit a ship!
Press Enter and pass the move to another player
	at org.junit.Assert.fail(Assert.java:88)
	at org.hyperskill.hstest.stage.StageTest.start(StageTest.java:155)
	at java.base/jdk.internal.reflect.NativeMethodAccessorImpl.invoke0(Native Method)
	at java.base/jdk.internal.reflect.NativeMethodAccessorImpl.invoke(NativeMethodAccessorImpl.java:62)
	at java.base/jdk.internal.reflect.DelegatingMethodAccessorImpl.invoke(DelegatingMethodAccessorImpl.java:43)
	at java.base/java.lang.reflect.Method.invoke(Method.java:566)
	at org.junit.runners.model.FrameworkMethod$1.runReflectiveCall(FrameworkMethod.java:50)
	at org.junit.internal.runners.model.ReflectiveCallable.run(ReflectiveCallable.java:12)
	at org.junit.runners.model.FrameworkMethod.invokeExplosively(FrameworkMethod.java:47)
	at org.junit.internal.runners.statements.InvokeMethod.evaluate(InvokeMethod.java:17)
	at org.junit.runners.ParentRunner.runLeaf(ParentRunner.java:325)
	at org.junit.runners.BlockJUnit4ClassRunner.runChild(BlockJUnit4ClassRunner.java:78)
	at org.junit.runners.BlockJUnit4ClassRunner.runChild(BlockJUnit4ClassRunner.java:57)
	at org.junit.runners.ParentRunner$3.run(ParentRunner.java:290)
	at org.junit.runners.ParentRunner$1.schedule(ParentRunner.java:71)
	at org.junit.runners.ParentRunner.runChildren(ParentRunner.java:288)
	at org.junit.runners.ParentRunner.access$000(ParentRunner.java:58)
	at org.junit.runners.ParentRunner$2.evaluate(ParentRunner.java:268)
	at org.junit.runners.ParentRunner.run(ParentRunner.java:363)
	at org.gradle.api.internal.tasks.testing.junit.JUnitTestClassExecutor.runTestClass(JUnitTestClassExecutor.java:110)
	at org.gradle.api.internal.tasks.testing.junit.JUnitTestClassExecutor.execute(JUnitTestClassExecutor.java:58)
	at org.gradle.api.internal.tasks.testing.junit.JUnitTestClassExecutor.execute(JUnitTestClassExecutor.java:38)
	at org.gradle.api.internal.tasks.testing.junit.AbstractJUnitTestClassProcessor.processTestClass(AbstractJUnitTestClassProcessor.java:62)
	at org.gradle.api.internal.tasks.testing.SuiteTestClassProcessor.processTestClass(SuiteTestClassProcessor.java:51)
	at java.base/jdk.internal.reflect.NativeMethodAccessorImpl.invoke0(Native Method)
	at java.base/jdk.internal.reflect.NativeMethodAccessorImpl.invoke(NativeMethodAccessorImpl.java:62)
	at java.base/jdk.internal.reflect.DelegatingMethodAccessorImpl.invoke(DelegatingMethodAccessorImpl.java:43)
	at java.base/java.lang.reflect.Method.invoke(Method.java:566)
	at org.gradle.internal.dispatch.ReflectionDispatch.dispatch(ReflectionDispatch.java:36)
	at org.gradle.internal.dispatch.ReflectionDispatch.dispatch(ReflectionDispatch.java:24)
	at org.gradle.internal.dispatch.ContextClassLoaderDispatch.dispatch(ContextClassLoaderDispatch.java:33)
	at org.gradle.internal.dispatch.ProxyDispatchAdapter$DispatchingInvocationHandler.invoke(ProxyDispatchAdapter.java:94)
	at com.sun.proxy.$Proxy2.processTestClass(Unknown Source)
	at org.gradle.api.internal.tasks.testing.worker.TestWorker.processTestClass(TestWorker.java:121)
	at java.base/jdk.internal.reflect.NativeMethodAccessorImpl.invoke0(Native Method)
	at java.base/jdk.internal.reflect.NativeMethodAccessorImpl.invoke(NativeMethodAccessorImpl.java:62)
	at java.base/jdk.internal.reflect.DelegatingMethodAccessorImpl.invoke(DelegatingMethodAccessorImpl.java:43)
	at java.base/java.lang.reflect.Method.invoke(Method.java:566)
	at org.gradle.internal.dispatch.ReflectionDispatch.dispatch(ReflectionDispatch.java:36)
	at org.gradle.internal.dispatch.ReflectionDispatch.dispatch(ReflectionDispatch.java:24)
	at org.gradle.internal.remote.internal.hub.MessageHubBackedObjectConnection$DispatchWrapper.dispatch(MessageHubBackedObjectConnection.java:182)
	at org.gradle.internal.remote.internal.hub.MessageHubBackedObjectConnection$DispatchWrapper.dispatch(MessageHubBackedObjectConnection.java:164)
	at org.gradle.internal.remote.internal.hub.MessageHub$Handler.run(MessageHub.java:414)
	at org.gradle.internal.concurrent.ExecutorPolicy$CatchAndRecordFailures.onExecute(ExecutorPolicy.java:64)
	at org.gradle.internal.concurrent.ManagedExecutorImpl$1.run(ManagedExecutorImpl.java:48)
	at java.base/java.util.concurrent.ThreadPoolExecutor.runWorker(ThreadPoolExecutor.java:1128)
	at java.base/java.util.concurrent.ThreadPoolExecutor$Worker.run(ThreadPoolExecutor.java:628)
	at org.gradle.internal.concurrent.ThreadFactoryImpl$ManagedThreadRunnable.run(ThreadFactoryImpl.java:56)
	at java.base/java.lang.Thread.run(Thread.java:829)
</failure>
  </testcase>
  <system-out><![CDATA[?[1;31m
Start test 1?[0m
Player 1, place your ships on the game field
  1 2 3 4 5 6 7 8 9 10
A ~ ~ ~ ~ ~ ~ ~ ~ ~ ~
B ~ ~ ~ ~ ~ ~ ~ ~ ~ ~
C ~ ~ ~ ~ ~ ~ ~ ~ ~ ~
D ~ ~ ~ ~ ~ ~ ~ ~ ~ ~
E ~ ~ ~ ~ ~ ~ ~ ~ ~ ~
F ~ ~ ~ ~ ~ ~ ~ ~ ~ ~
G ~ ~ ~ ~ ~ ~ ~ ~ ~ ~
H ~ ~ ~ ~ ~ ~ ~ ~ ~ ~
I ~ ~ ~ ~ ~ ~ ~ ~ ~ ~
J ~ ~ ~ ~ ~ ~ ~ ~ ~ ~

Enter the coordinate of the Aircraft Carrier (5 cells):
> F3 F7
  1 2 3 4 5 6 7 8 9 10
A ~ ~ ~ ~ ~ ~ ~ ~ ~ ~
B ~ ~ ~ ~ ~ ~ ~ ~ ~ ~
C ~ ~ ~ ~ ~ ~ ~ ~ ~ ~
D ~ ~ ~ ~ ~ ~ ~ ~ ~ ~
E ~ ~ ~ ~ ~ ~ ~ ~ ~ ~
F ~ ~ O O O O O ~ ~ ~
G ~ ~ ~ ~ ~ ~ ~ ~ ~ ~
H ~ ~ ~ ~ ~ ~ ~ ~ ~ ~
I ~ ~ ~ ~ ~ ~ ~ ~ ~ ~
J ~ ~ ~ ~ ~ ~ ~ ~ ~ ~

Enter the coordinate of the Battleship (4 cells):
> A1 D1
  1 2 3 4 5 6 7 8 9 10
A O ~ ~ ~ ~ ~ ~ ~ ~ ~
B O ~ ~ ~ ~ ~ ~ ~ ~ ~
C O ~ ~ ~ ~ ~ ~ ~ ~ ~
D O ~ ~ ~ ~ ~ ~ ~ ~ ~
E ~ ~ ~ ~ ~ ~ ~ ~ ~ ~
F ~ ~ O O O O O ~ ~ ~
G ~ ~ ~ ~ ~ ~ ~ ~ ~ ~
H ~ ~ ~ ~ ~ ~ ~ ~ ~ ~
I ~ ~ ~ ~ ~ ~ ~ ~ ~ ~
J ~ ~ ~ ~ ~ ~ ~ ~ ~ ~

Enter the coordinate of the Submarine (3 cells):
> J7 J10
Error! Wrong length of the Submarine! Try again:
> J10 J8
  1 2 3 4 5 6 7 8 9 10
A O ~ ~ ~ ~ ~ ~ ~ ~ ~
B O ~ ~ ~ ~ ~ ~ ~ ~ ~
C O ~ ~ ~ ~ ~ ~ ~ ~ ~
D O ~ ~ ~ ~ ~ ~ ~ ~ ~
E ~ ~ ~ ~ ~ ~ ~ ~ ~ ~
F ~ ~ O O O O O ~ ~ ~
G ~ ~ ~ ~ ~ ~ ~ ~ ~ ~
H ~ ~ ~ ~ ~ ~ ~ ~ ~ ~
I ~ ~ ~ ~ ~ ~ ~ ~ ~ ~
J ~ ~ ~ ~ ~ ~ ~ O O O

Enter the coordinate of the Cruiser (3 cells):
> B9 D8
Error! Wrong ship location! Try again:
> B9 D9
  1 2 3 4 5 6 7 8 9 10
A O ~ ~ ~ ~ ~ ~ ~ ~ ~
B O ~ ~ ~ ~ ~ ~ ~ O ~
C O ~ ~ ~ ~ ~ ~ ~ O ~
D O ~ ~ ~ ~ ~ ~ ~ O ~
E ~ ~ ~ ~ ~ ~ ~ ~ ~ ~
F ~ ~ O O O O O ~ ~ ~
G ~ ~ ~ ~ ~ ~ ~ ~ ~ ~
H ~ ~ ~ ~ ~ ~ ~ ~ ~ ~
I ~ ~ ~ ~ ~ ~ ~ ~ ~ ~
J ~ ~ ~ ~ ~ ~ ~ O O O

Enter the coordinate of the Destroyer (2 cells):
> E6 D6
Error! You placed it too close to another one. Try again:
> I2 J2
  1 2 3 4 5 6 7 8 9 10
A O ~ ~ ~ ~ ~ ~ ~ ~ ~
B O ~ ~ ~ ~ ~ ~ ~ O ~
C O ~ ~ ~ ~ ~ ~ ~ O ~
D O ~ ~ ~ ~ ~ ~ ~ O ~
E ~ ~ ~ ~ ~ ~ ~ ~ ~ ~
F ~ ~ O O O O O ~ ~ ~
G ~ ~ ~ ~ ~ ~ ~ ~ ~ ~
H ~ ~ ~ ~ ~ ~ ~ ~ ~ ~
I ~ O ~ ~ ~ ~ ~ ~ ~ ~
J ~ O ~ ~ ~ ~ ~ O O O
Press Enter and pass the move to another player
> 
Player 2, place your ships on the game field
  1 2 3 4 5 6 7 8 9 10
A ~ ~ ~ ~ ~ ~ ~ ~ ~ ~
B ~ ~ ~ ~ ~ ~ ~ ~ ~ ~
C ~ ~ ~ ~ ~ ~ ~ ~ ~ ~
D ~ ~ ~ ~ ~ ~ ~ ~ ~ ~
E ~ ~ ~ ~ ~ ~ ~ ~ ~ ~
F ~ ~ ~ ~ ~ ~ ~ ~ ~ ~
G ~ ~ ~ ~ ~ ~ ~ ~ ~ ~
H ~ ~ ~ ~ ~ ~ ~ ~ ~ ~
I ~ ~ ~ ~ ~ ~ ~ ~ ~ ~
J ~ ~ ~ ~ ~ ~ ~ ~ ~ ~

Enter the coordinate of the Aircraft Carrier (5 cells):
> H2 H6
  1 2 3 4 5 6 7 8 9 10
A ~ ~ ~ ~ ~ ~ ~ ~ ~ ~
B ~ ~ ~ ~ ~ ~ ~ ~ ~ ~
C ~ ~ ~ ~ ~ ~ ~ ~ ~ ~
D ~ ~ ~ ~ ~ ~ ~ ~ ~ ~
E ~ ~ ~ ~ ~ ~ ~ ~ ~ ~
F ~ ~ ~ ~ ~ ~ ~ ~ ~ ~
G ~ ~ ~ ~ ~ ~ ~ ~ ~ ~
H ~ O O O O O ~ ~ ~ ~
I ~ ~ ~ ~ ~ ~ ~ ~ ~ ~
J ~ ~ ~ ~ ~ ~ ~ ~ ~ ~

Enter the coordinate of the Battleship (4 cells):
> F3 F6
  1 2 3 4 5 6 7 8 9 10
A ~ ~ ~ ~ ~ ~ ~ ~ ~ ~
B ~ ~ ~ ~ ~ ~ ~ ~ ~ ~
C ~ ~ ~ ~ ~ ~ ~ ~ ~ ~
D ~ ~ ~ ~ ~ ~ ~ ~ ~ ~
E ~ ~ ~ ~ ~ ~ ~ ~ ~ ~
F ~ ~ O O O O ~ ~ ~ ~
G ~ ~ ~ ~ ~ ~ ~ ~ ~ ~
H ~ O O O O O ~ ~ ~ ~
I ~ ~ ~ ~ ~ ~ ~ ~ ~ ~
J ~ ~ ~ ~ ~ ~ ~ ~ ~ ~

Enter the coordinate of the Submarine (3 cells):
> H8 F8
  1 2 3 4 5 6 7 8 9 10
A ~ ~ ~ ~ ~ ~ ~ ~ ~ ~
B ~ ~ ~ ~ ~ ~ ~ ~ ~ ~
C ~ ~ ~ ~ ~ ~ ~ ~ ~ ~
D ~ ~ ~ ~ ~ ~ ~ ~ ~ ~
E ~ ~ ~ ~ ~ ~ ~ ~ ~ ~
F ~ ~ O O O O ~ O ~ ~
G ~ ~ ~ ~ ~ ~ ~ O ~ ~
H ~ O O O O O ~ O ~ ~
I ~ ~ ~ ~ ~ ~ ~ ~ ~ ~
J ~ ~ ~ ~ ~ ~ ~ ~ ~ ~

Enter the coordinate of the Cruiser (3 cells):
> D4 D6
  1 2 3 4 5 6 7 8 9 10
A ~ ~ ~ ~ ~ ~ ~ ~ ~ ~
B ~ ~ ~ ~ ~ ~ ~ ~ ~ ~
C ~ ~ ~ ~ ~ ~ ~ ~ ~ ~
D ~ ~ ~ O O O ~ ~ ~ ~
E ~ ~ ~ ~ ~ ~ ~ ~ ~ ~
F ~ ~ O O O O ~ O ~ ~
G ~ ~ ~ ~ ~ ~ ~ O ~ ~
H ~ O O O O O ~ O ~ ~
I ~ ~ ~ ~ ~ ~ ~ ~ ~ ~
J ~ ~ ~ ~ ~ ~ ~ ~ ~ ~

Enter the coordinate of the Destroyer (2 cells):
> D8 C8
  1 2 3 4 5 6 7 8 9 10
A ~ ~ ~ ~ ~ ~ ~ ~ ~ ~
B ~ ~ ~ ~ ~ ~ ~ ~ ~ ~
C ~ ~ ~ ~ ~ ~ ~ O ~ ~
D ~ ~ ~ O O O ~ O ~ ~
E ~ ~ ~ ~ ~ ~ ~ ~ ~ ~
F ~ ~ O O O O ~ O ~ ~
G ~ ~ ~ ~ ~ ~ ~ O ~ ~
H ~ O O O O O ~ O ~ ~
I ~ ~ ~ ~ ~ ~ ~ ~ ~ ~
J ~ ~ ~ ~ ~ ~ ~ ~ ~ ~
Press Enter and pass the move to another player
> 
  1 2 3 4 5 6 7 8 9 10
A ~ ~ ~ ~ ~ ~ ~ ~ ~ ~
B ~ ~ ~ ~ ~ ~ ~ ~ ~ ~
C ~ ~ ~ ~ ~ ~ ~ ~ ~ ~
D ~ ~ ~ ~ ~ ~ ~ ~ ~ ~
E ~ ~ ~ ~ ~ ~ ~ ~ ~ ~
F ~ ~ ~ ~ ~ ~ ~ ~ ~ ~
G ~ ~ ~ ~ ~ ~ ~ ~ ~ ~
H ~ ~ ~ ~ ~ ~ ~ ~ ~ ~
I ~ ~ ~ ~ ~ ~ ~ ~ ~ ~
J ~ ~ ~ ~ ~ ~ ~ ~ ~ ~
---------------------
  1 2 3 4 5 6 7 8 9 10
A O ~ ~ ~ ~ ~ ~ ~ ~ ~
B O ~ ~ ~ ~ ~ ~ ~ O ~
C O ~ ~ ~ ~ ~ ~ ~ O ~
D O ~ ~ ~ ~ ~ ~ ~ O ~
E ~ ~ ~ ~ ~ ~ ~ ~ ~ ~
F ~ ~ O O O O O ~ ~ ~
G ~ ~ ~ ~ ~ ~ ~ ~ ~ ~
H ~ ~ ~ ~ ~ ~ ~ ~ ~ ~
I ~ O ~ ~ ~ ~ ~ ~ ~ ~
J ~ O ~ ~ ~ ~ ~ O O O

Player 1, it's your turn:
> I3

You missed!
Press Enter and pass the move to another player
> 
  1 2 3 4 5 6 7 8 9 10
A ~ ~ ~ ~ ~ ~ ~ ~ ~ ~
B ~ ~ ~ ~ ~ ~ ~ ~ ~ ~
C ~ ~ ~ ~ ~ ~ ~ ~ ~ ~
D ~ ~ ~ ~ ~ ~ ~ ~ ~ ~
E ~ ~ ~ ~ ~ ~ ~ ~ ~ ~
F ~ ~ ~ ~ ~ ~ ~ ~ ~ ~
G ~ ~ ~ ~ ~ ~ ~ ~ ~ ~
H ~ ~ ~ ~ ~ ~ ~ ~ ~ ~
I ~ ~ ~ ~ ~ ~ ~ ~ ~ ~
J ~ ~ ~ ~ ~ ~ ~ ~ ~ ~
---------------------
  1 2 3 4 5 6 7 8 9 10
A ~ ~ ~ ~ ~ ~ ~ ~ ~ ~
B ~ ~ ~ ~ ~ ~ ~ ~ ~ ~
C ~ ~ ~ ~ ~ ~ ~ O ~ ~
D ~ ~ ~ O O O ~ O ~ ~
E ~ ~ ~ ~ ~ ~ ~ ~ ~ ~
F ~ ~ O O O O ~ O ~ ~
G ~ ~ ~ ~ ~ ~ ~ O ~ ~
H ~ O O O O O ~ O ~ ~
I ~ ~ M ~ ~ ~ ~ ~ ~ ~
J ~ ~ ~ ~ ~ ~ ~ ~ ~ ~

Player 2, it's your turn:
> C9
  1 2 3 4 5 6 7 8 9 10
A ~ ~ ~ ~ ~ ~ ~ ~ ~ ~
B ~ ~ ~ ~ ~ ~ ~ ~ ~ ~
C ~ ~ ~ ~ ~ ~ ~ ~ ~ ~
D ~ ~ ~ ~ ~ ~ ~ ~ ~ ~
E ~ ~ ~ ~ ~ ~ ~ ~ ~ ~
F ~ ~ ~ ~ ~ ~ ~ ~ ~ ~
G ~ ~ ~ ~ ~ ~ ~ ~ ~ ~
H ~ ~ ~ ~ ~ ~ ~ ~ ~ ~
I ~ ~ ~ ~ ~ ~ ~ ~ ~ ~
J ~ ~ ~ ~ ~ ~ ~ ~ ~ ~
---------------------

You hit a ship!
Press Enter and pass the move to another player
> 
  1 2 3 4 5 6 7 8 9 10
A ~ ~ ~ ~ ~ ~ ~ ~ ~ ~
B ~ ~ ~ ~ ~ ~ ~ ~ ~ ~
C ~ ~ ~ ~ ~ ~ ~ ~ ~ ~
D ~ ~ ~ ~ ~ ~ ~ ~ ~ ~
E ~ ~ ~ ~ ~ ~ ~ ~ ~ ~
F ~ ~ ~ ~ ~ ~ ~ ~ ~ ~
G ~ ~ ~ ~ ~ ~ ~ ~ ~ ~
H ~ ~ ~ ~ ~ ~ ~ ~ ~ ~
I ~ ~ M ~ ~ ~ ~ ~ ~ ~
J ~ ~ ~ ~ ~ ~ ~ ~ ~ ~
---------------------
  1 2 3 4 5 6 7 8 9 10
A O ~ ~ ~ ~ ~ ~ ~ ~ ~
B O ~ ~ ~ ~ ~ ~ ~ O ~
C O ~ ~ ~ ~ ~ ~ ~ X ~
D O ~ ~ ~ ~ ~ ~ ~ O ~
E ~ ~ ~ ~ ~ ~ ~ ~ ~ ~
F ~ ~ O O O O O ~ ~ ~
G ~ ~ ~ ~ ~ ~ ~ ~ ~ ~
H ~ ~ ~ ~ ~ ~ ~ ~ ~ ~
I ~ O ~ ~ ~ ~ ~ ~ ~ ~
J ~ O ~ ~ ~ ~ ~ O O O

Player 1, it's your turn:
> D4

You hit a ship!
Press Enter and pass the move to another player
> 
  1 2 3 4 5 6 7 8 9 10
A ~ ~ ~ ~ ~ ~ ~ ~ ~ ~
B ~ ~ ~ ~ ~ ~ ~ ~ ~ ~
C ~ ~ ~ ~ ~ ~ ~ ~ X ~
D ~ ~ ~ ~ ~ ~ ~ ~ ~ ~
E ~ ~ ~ ~ ~ ~ ~ ~ ~ ~
F ~ ~ ~ ~ ~ ~ ~ ~ ~ ~
G ~ ~ ~ ~ ~ ~ ~ ~ ~ ~
H ~ ~ ~ ~ ~ ~ ~ ~ ~ ~
I ~ ~ ~ ~ ~ ~ ~ ~ ~ ~
J ~ ~ ~ ~ ~ ~ ~ ~ ~ ~
---------------------
  1 2 3 4 5 6 7 8 9 10
A ~ ~ ~ ~ ~ ~ ~ ~ ~ ~
B ~ ~ ~ ~ ~ ~ ~ ~ ~ ~
C ~ ~ ~ ~ ~ ~ ~ O ~ ~
D ~ ~ ~ X O O ~ O ~ ~
E ~ ~ ~ ~ ~ ~ ~ ~ ~ ~
F ~ ~ O O O O ~ O ~ ~
G ~ ~ ~ ~ ~ ~ ~ O ~ ~
H ~ O O O O O ~ O ~ ~
I ~ ~ M ~ ~ ~ ~ ~ ~ ~
J ~ ~ ~ ~ ~ ~ ~ ~ ~ ~

Player 2, it's your turn:
> A1
  1 2 3 4 5 6 7 8 9 10
A ~ ~ ~ ~ ~ ~ ~ ~ ~ ~
B ~ ~ ~ ~ ~ ~ ~ ~ ~ ~
C ~ ~ ~ ~ ~ ~ ~ ~ X ~
D ~ ~ ~ ~ ~ ~ ~ ~ ~ ~
E ~ ~ ~ ~ ~ ~ ~ ~ ~ ~
F ~ ~ ~ ~ ~ ~ ~ ~ ~ ~
G ~ ~ ~ ~ ~ ~ ~ ~ ~ ~
H ~ ~ ~ ~ ~ ~ ~ ~ ~ ~
I ~ ~ ~ ~ ~ ~ ~ ~ ~ ~
J ~ ~ ~ ~ ~ ~ ~ ~ ~ ~
---------------------

You hit a ship!
Press Enter and pass the move to another player
> 
  1 2 3 4 5 6 7 8 9 10
A ~ ~ ~ ~ ~ ~ ~ ~ ~ ~
B ~ ~ ~ ~ ~ ~ ~ ~ ~ ~
C ~ ~ ~ ~ ~ ~ ~ ~ ~ ~
D ~ ~ ~ X ~ ~ ~ ~ ~ ~
E ~ ~ ~ ~ ~ ~ ~ ~ ~ ~
F ~ ~ ~ ~ ~ ~ ~ ~ ~ ~
G ~ ~ ~ ~ ~ ~ ~ ~ ~ ~
H ~ ~ ~ ~ ~ ~ ~ ~ ~ ~
I ~ ~ M ~ ~ ~ ~ ~ ~ ~
J ~ ~ ~ ~ ~ ~ ~ ~ ~ ~
---------------------
  1 2 3 4 5 6 7 8 9 10
A X ~ ~ ~ ~ ~ ~ ~ ~ ~
B O ~ ~ ~ ~ ~ ~ ~ O ~
C O ~ ~ ~ ~ ~ ~ ~ X ~
D O ~ ~ ~ ~ ~ ~ ~ O ~
E ~ ~ ~ ~ ~ ~ ~ ~ ~ ~
F ~ ~ O O O O O ~ ~ ~
G ~ ~ ~ ~ ~ ~ ~ ~ ~ ~
H ~ ~ ~ ~ ~ ~ ~ ~ ~ ~
I ~ O ~ ~ ~ ~ ~ ~ ~ ~
J ~ O ~ ~ ~ ~ ~ O O O

Player 1, it's your turn:
> D5

You hit a ship!
Press Enter and pass the move to another player
> 
  1 2 3 4 5 6 7 8 9 10
A X ~ ~ ~ ~ ~ ~ ~ ~ ~
B ~ ~ ~ ~ ~ ~ ~ ~ ~ ~
C ~ ~ ~ ~ ~ ~ ~ ~ X ~
D ~ ~ ~ ~ ~ ~ ~ ~ ~ ~
E ~ ~ ~ ~ ~ ~ ~ ~ ~ ~
F ~ ~ ~ ~ ~ ~ ~ ~ ~ ~
G ~ ~ ~ ~ ~ ~ ~ ~ ~ ~
H ~ ~ ~ ~ ~ ~ ~ ~ ~ ~
I ~ ~ ~ ~ ~ ~ ~ ~ ~ ~
J ~ ~ ~ ~ ~ ~ ~ ~ ~ ~
---------------------
  1 2 3 4 5 6 7 8 9 10
A ~ ~ ~ ~ ~ ~ ~ ~ ~ ~
B ~ ~ ~ ~ ~ ~ ~ ~ ~ ~
C ~ ~ ~ ~ ~ ~ ~ O ~ ~
D ~ ~ ~ X X O ~ O ~ ~
E ~ ~ ~ ~ ~ ~ ~ ~ ~ ~
F ~ ~ O O O O ~ O ~ ~
G ~ ~ ~ ~ ~ ~ ~ O ~ ~
H ~ O O O O O ~ O ~ ~
I ~ ~ M ~ ~ ~ ~ ~ ~ ~
J ~ ~ ~ ~ ~ ~ ~ ~ ~ ~

Player 2, it's your turn:
> B1
  1 2 3 4 5 6 7 8 9 10
A X ~ ~ ~ ~ ~ ~ ~ ~ ~
B ~ ~ ~ ~ ~ ~ ~ ~ ~ ~
C ~ ~ ~ ~ ~ ~ ~ ~ X ~
D ~ ~ ~ ~ ~ ~ ~ ~ ~ ~
E ~ ~ ~ ~ ~ ~ ~ ~ ~ ~
F ~ ~ ~ ~ ~ ~ ~ ~ ~ ~
G ~ ~ ~ ~ ~ ~ ~ ~ ~ ~
H ~ ~ ~ ~ ~ ~ ~ ~ ~ ~
I ~ ~ ~ ~ ~ ~ ~ ~ ~ ~
J ~ ~ ~ ~ ~ ~ ~ ~ ~ ~
---------------------

You hit a ship!
Press Enter and pass the move to another player
> 
  1 2 3 4 5 6 7 8 9 10
A ~ ~ ~ ~ ~ ~ ~ ~ ~ ~
B ~ ~ ~ ~ ~ ~ ~ ~ ~ ~
C ~ ~ ~ ~ ~ ~ ~ ~ ~ ~
D ~ ~ ~ X X ~ ~ ~ ~ ~
E ~ ~ ~ ~ ~ ~ ~ ~ ~ ~
F ~ ~ ~ ~ ~ ~ ~ ~ ~ ~
G ~ ~ ~ ~ ~ ~ ~ ~ ~ ~
H ~ ~ ~ ~ ~ ~ ~ ~ ~ ~
I ~ ~ M ~ ~ ~ ~ ~ ~ ~
J ~ ~ ~ ~ ~ ~ ~ ~ ~ ~
---------------------
  1 2 3 4 5 6 7 8 9 10
A X ~ ~ ~ ~ ~ ~ ~ ~ ~
B X ~ ~ ~ ~ ~ ~ ~ O ~
C O ~ ~ ~ ~ ~ ~ ~ X ~
D O ~ ~ ~ ~ ~ ~ ~ O ~
E ~ ~ ~ ~ ~ ~ ~ ~ ~ ~
F ~ ~ O O O O O ~ ~ ~
G ~ ~ ~ ~ ~ ~ ~ ~ ~ ~
H ~ ~ ~ ~ ~ ~ ~ ~ ~ ~
I ~ O ~ ~ ~ ~ ~ ~ ~ ~
J ~ O ~ ~ ~ ~ ~ O O O

Player 1, it's your turn:
> D6

You hit a ship!
Press Enter and pass the move to another player
> 
  1 2 3 4 5 6 7 8 9 10
A X ~ ~ ~ ~ ~ ~ ~ ~ ~
B X ~ ~ ~ ~ ~ ~ ~ ~ ~
C ~ ~ ~ ~ ~ ~ ~ ~ X ~
D ~ ~ ~ ~ ~ ~ ~ ~ ~ ~
E ~ ~ ~ ~ ~ ~ ~ ~ ~ ~
F ~ ~ ~ ~ ~ ~ ~ ~ ~ ~
G ~ ~ ~ ~ ~ ~ ~ ~ ~ ~
H ~ ~ ~ ~ ~ ~ ~ ~ ~ ~
I ~ ~ ~ ~ ~ ~ ~ ~ ~ ~
J ~ ~ ~ ~ ~ ~ ~ ~ ~ ~
---------------------
  1 2 3 4 5 6 7 8 9 10
A ~ ~ ~ ~ ~ ~ ~ ~ ~ ~
B ~ ~ ~ ~ ~ ~ ~ ~ ~ ~
C ~ ~ ~ ~ ~ ~ ~ O ~ ~
D ~ ~ ~ X X X ~ O ~ ~
E ~ ~ ~ ~ ~ ~ ~ ~ ~ ~
F ~ ~ O O O O ~ O ~ ~
G ~ ~ ~ ~ ~ ~ ~ O ~ ~
H ~ O O O O O ~ O ~ ~
I ~ ~ M ~ ~ ~ ~ ~ ~ ~
J ~ ~ ~ ~ ~ ~ ~ ~ ~ ~

Player 2, it's your turn:
> C1
  1 2 3 4 5 6 7 8 9 10
A X ~ ~ ~ ~ ~ ~ ~ ~ ~
B X ~ ~ ~ ~ ~ ~ ~ ~ ~
C ~ ~ ~ ~ ~ ~ ~ ~ X ~
D ~ ~ ~ ~ ~ ~ ~ ~ ~ ~
E ~ ~ ~ ~ ~ ~ ~ ~ ~ ~
F ~ ~ ~ ~ ~ ~ ~ ~ ~ ~
G ~ ~ ~ ~ ~ ~ ~ ~ ~ ~
H ~ ~ ~ ~ ~ ~ ~ ~ ~ ~
I ~ ~ ~ ~ ~ ~ ~ ~ ~ ~
J ~ ~ ~ ~ ~ ~ ~ ~ ~ ~
---------------------

You hit a ship!
Press Enter and pass the move to another player
> 
  1 2 3 4 5 6 7 8 9 10
A ~ ~ ~ ~ ~ ~ ~ ~ ~ ~
B ~ ~ ~ ~ ~ ~ ~ ~ ~ ~
C ~ ~ ~ ~ ~ ~ ~ ~ ~ ~
D ~ ~ ~ X X X ~ ~ ~ ~
E ~ ~ ~ ~ ~ ~ ~ ~ ~ ~
F ~ ~ ~ ~ ~ ~ ~ ~ ~ ~
G ~ ~ ~ ~ ~ ~ ~ ~ ~ ~
H ~ ~ ~ ~ ~ ~ ~ ~ ~ ~
I ~ ~ M ~ ~ ~ ~ ~ ~ ~
J ~ ~ ~ ~ ~ ~ ~ ~ ~ ~
---------------------
  1 2 3 4 5 6 7 8 9 10
A X ~ ~ ~ ~ ~ ~ ~ ~ ~
B X ~ ~ ~ ~ ~ ~ ~ O ~
C X ~ ~ ~ ~ ~ ~ ~ X ~
D O ~ ~ ~ ~ ~ ~ ~ O ~
E ~ ~ ~ ~ ~ ~ ~ ~ ~ ~
F ~ ~ O O O O O ~ ~ ~
G ~ ~ ~ ~ ~ ~ ~ ~ ~ ~
H ~ ~ ~ ~ ~ ~ ~ ~ ~ ~
I ~ O ~ ~ ~ ~ ~ ~ ~ ~
J ~ O ~ ~ ~ ~ ~ O O O

Player 1, it's your turn:
> C8

You hit a ship!
Press Enter and pass the move to another player
> 
  1 2 3 4 5 6 7 8 9 10
A X ~ ~ ~ ~ ~ ~ ~ ~ ~
B X ~ ~ ~ ~ ~ ~ ~ ~ ~
C X ~ ~ ~ ~ ~ ~ ~ X ~
D ~ ~ ~ ~ ~ ~ ~ ~ ~ ~
E ~ ~ ~ ~ ~ ~ ~ ~ ~ ~
F ~ ~ ~ ~ ~ ~ ~ ~ ~ ~
G ~ ~ ~ ~ ~ ~ ~ ~ ~ ~
H ~ ~ ~ ~ ~ ~ ~ ~ ~ ~
I ~ ~ ~ ~ ~ ~ ~ ~ ~ ~
J ~ ~ ~ ~ ~ ~ ~ ~ ~ ~
---------------------
  1 2 3 4 5 6 7 8 9 10
A ~ ~ ~ ~ ~ ~ ~ ~ ~ ~
B ~ ~ ~ ~ ~ ~ ~ ~ ~ ~
C ~ ~ ~ ~ ~ ~ ~ X ~ ~
D ~ ~ ~ X X X ~ O ~ ~
E ~ ~ ~ ~ ~ ~ ~ ~ ~ ~
F ~ ~ O O O O ~ O ~ ~
G ~ ~ ~ ~ ~ ~ ~ O ~ ~
H ~ O O O O O ~ O ~ ~
I ~ ~ M ~ ~ ~ ~ ~ ~ ~
J ~ ~ ~ ~ ~ ~ ~ ~ ~ ~

Player 2, it's your turn:
> D1
  1 2 3 4 5 6 7 8 9 10
A X ~ ~ ~ ~ ~ ~ ~ ~ ~
B X ~ ~ ~ ~ ~ ~ ~ ~ ~
C X ~ ~ ~ ~ ~ ~ ~ X ~
D ~ ~ ~ ~ ~ ~ ~ ~ ~ ~
E ~ ~ ~ ~ ~ ~ ~ ~ ~ ~
F ~ ~ ~ ~ ~ ~ ~ ~ ~ ~
G ~ ~ ~ ~ ~ ~ ~ ~ ~ ~
H ~ ~ ~ ~ ~ ~ ~ ~ ~ ~
I ~ ~ ~ ~ ~ ~ ~ ~ ~ ~
J ~ ~ ~ ~ ~ ~ ~ ~ ~ ~
---------------------

You hit a ship!
Press Enter and pass the move to another player
]]></system-out>
  <system-err><![CDATA[]]></system-err>
</testsuite>
